HTTP server started on port 6860, serving /Users/greg/Code/turbo
[18:18:19] Log: Sequential extraction worker started (one ZIP at a time).
[18:18:19] Log: System initialized. Monitoring /Volumes/Backup/downloads for ZIPs.
DEBUG: Writing status=IDLE (final=None, active=None)

Takeout Turbo is running!
Photos will be flattened to: /Volumes/Backup/downloads
Press Ctrl+C to stop.
[18:18:19] Starting aria2c with SSD cache: /Users/greg/takeout_cache
[18:18:20] Background cleanup thread started...
[18:18:20] Launching aria2c...
  SSD has 98GB effective free. Using SSD cache.
[18:18:20] Background cleanup complete.
[18:18:22] Scanning for completed ZIPs in /Volumes/Backup/downloads...
  Disk: Found 17 items
  Disk: Found completed ZIP takeout1.zip
!!! QUEUEING: /Volumes/Backup/downloads/takeout1.zip
[18:18:22] Log: Queued for extraction: takeout1.zip
  Disk: Found completed ZIP takeout10.zip[18:18:22] Log: Checking takeout1.zip contents...

!!! QUEUEING: /Volumes/Backup/downloads/takeout10.zip
[18:18:22] Log: Queued for extraction: takeout10.zip
  Disk: Found completed ZIP takeout11.zip
!!! QUEUEING: /Volumes/Backup/downloads/takeout11.zip
[18:18:22] Log: Queued for extraction: takeout11.zip
  Disk: Found completed ZIP takeout12.zip
!!! QUEUEING: /Volumes/Backup/downloads/takeout12.zip
[18:18:22] Log: Queued for extraction: takeout12.zip
  Disk: Found completed ZIP takeout2.zip
!!! QUEUEING: /Volumes/Backup/downloads/takeout2.zip
[18:18:22] Log: Queued for extraction: takeout2.zip
  Disk: Found completed ZIP takeout23.zip
!!! QUEUEING: /Volumes/Backup/downloads/takeout23.zip
[18:18:22] Log: Queued for extraction: takeout23.zip
  Disk: Found completed ZIP takeout3.zip
!!! QUEUEING: /Volumes/Backup/downloads/takeout3.zip
[18:18:22] Log: Queued for extraction: takeout3.zip
  Disk: Found completed ZIP takeout4.zip
!!! QUEUEING: /Volumes/Backup/downloads/takeout4.zip
[18:18:22] Log: Queued for extraction: takeout4.zip
  Disk: Found completed ZIP takeout6.zip
!!! QUEUEING: /Volumes/Backup/downloads/takeout6.zip
[18:18:22] Log: Queued for extraction: takeout6.zip
  Disk: Found completed ZIP takeout7.zip
!!! QUEUEING: /Volumes/Backup/downloads/takeout7.zip
[18:18:22] Log: Queued for extraction: takeout7.zip
  Disk: Found completed ZIP takeout8.zip
!!! QUEUEING: /Volumes/Backup/downloads/takeout8.zip
[18:18:22] Log: Queued for extraction: takeout8.zip
  Disk: Found completed ZIP takeout9.zip
!!! QUEUEING: /Volumes/Backup/downloads/takeout9.zip
[18:18:22] Log: Queued for extraction: takeout9.zip
[18:18:22] Scanning for completed ZIPs in /Volumes/Backup/downloads...
  Disk: Found 17 items
  Disk: Found completed ZIP takeout1.zip
  Disk: Found completed ZIP takeout10.zip
  Disk: Found completed ZIP takeout11.zip
  Disk: Found completed ZIP takeout12.zip
  Disk: Found completed ZIP takeout2.zip
  Disk: Found completed ZIP takeout23.zip
  Disk: Found completed ZIP takeout3.zip
  Disk: Found completed ZIP takeout4.zip
  Disk: Found completed ZIP takeout6.zip
  Disk: Found completed ZIP takeout7.zip
  Disk: Found completed ZIP takeout8.zip
  Disk: Found completed ZIP takeout9.zip
[18:18:22] Log: Extracting takeout1.zip to _tmp_takeout1.zip_1767302302...
DEBUG: Writing status=EXTRACTING (final=EXTRACTING, active=takeout1.zip)
[18:18:32] aria2c process exited with code 1. Restarting in 5s...
127.0.0.1 - - [01/Jan/2026 18:18:35] "GET /dashboard.html HTTP/1.1" 200 -
[18:18:37] Starting aria2c with SSD cache: /Users/greg/takeout_cache
[18:18:37] Background cleanup thread started...[18:18:37] Launching aria2c...

  SSD has 98GB effective free. Using SSD cache.
[18:18:37] Background cleanup complete.
[18:18:37] Log: Flattening takeout1.zip...
[18:18:37] Log: Building file index...
[18:18:37] Log: Extraction complete: takeout1.zip (0 files)
DEBUG: Writing status=IDLE (final=None, active=None)
[18:18:37] Log: Checking takeout10.zip contents...
[18:18:38] Log: Extracting takeout10.zip to _tmp_takeout10.zip_1767302318...
DEBUG: Writing status=EXTRACTING (final=EXTRACTING, active=takeout10.zip)
[18:18:39] Scanning for completed ZIPs in /Volumes/Backup/downloads...
  Disk: Found 17 items
  Disk: Found completed ZIP takeout1.zip
  Disk: Found completed ZIP takeout10.zip
  Disk: Found completed ZIP takeout11.zip
  Disk: Found completed ZIP takeout12.zip
  Disk: Found completed ZIP takeout2.zip
  Disk: Found completed ZIP takeout23.zip
  Disk: Found completed ZIP takeout3.zip
  Disk: Found completed ZIP takeout4.zip
  Disk: Found completed ZIP takeout6.zip
  Disk: Found completed ZIP takeout7.zip
  Disk: Found completed ZIP takeout8.zip
  Disk: Found completed ZIP takeout9.zip
[18:18:39] Scanning for completed ZIPs in /Volumes/Backup/downloads...
  Disk: Found 17 items
  Disk: Found completed ZIP takeout1.zip
  Disk: Found completed ZIP takeout10.zip
  Disk: Found completed ZIP takeout11.zip
  Disk: Found completed ZIP takeout12.zip
  Disk: Found completed ZIP takeout2.zip
  Disk: Found completed ZIP takeout23.zip
  Disk: Found completed ZIP takeout3.zip
  Disk: Found completed ZIP takeout4.zip
  Disk: Found completed ZIP takeout6.zip
  Disk: Found completed ZIP takeout7.zip
  Disk: Found completed ZIP takeout8.zip
  Disk: Found completed ZIP takeout9.zip
127.0.0.1 - - [01/Jan/2026 18:18:40] "GET /dashboard.html HTTP/1.1" 304 -
[18:18:49] aria2c process exited with code 1. Restarting in 5s...
[18:18:53] Log: Flattening takeout10.zip...
[18:18:53] Log: Building file index...
[18:18:53] Log: Extraction complete: takeout10.zip (0 files)
DEBUG: Writing status=IDLE (final=None, active=None)
[18:18:53] Log: Checking takeout11.zip contents...
[18:18:54] Starting aria2c with SSD cache: /Users/greg/takeout_cache
[18:18:54] Background cleanup thread started...[18:18:54] Launching aria2c...

  SSD has 97GB effective free. Using SSD cache.
[18:18:54] Background cleanup complete.
[18:18:55] Log: Extracting takeout11.zip to _tmp_takeout11.zip_1767302335...
DEBUG: Writing status=EXTRACTING (final=EXTRACTING, active=takeout11.zip)
[18:18:56] Scanning for completed ZIPs in /Volumes/Backup/downloads...
  Disk: Found 17 items
  Disk: Found completed ZIP takeout1.zip
  Disk: Found completed ZIP takeout10.zip
  Disk: Found completed ZIP takeout11.zip
  Disk: Found completed ZIP takeout12.zip
  Disk: Found completed ZIP takeout2.zip
  Disk: Found completed ZIP takeout23.zip
  Disk: Found completed ZIP takeout3.zip
  Disk: Found completed ZIP takeout4.zip
  Disk: Found completed ZIP takeout6.zip
  Disk: Found completed ZIP takeout7.zip
  Disk: Found completed ZIP takeout8.zip
  Disk: Found completed ZIP takeout9.zip
[18:18:56] Scanning for completed ZIPs in /Volumes/Backup/downloads...
  Disk: Found 17 items
  Disk: Found completed ZIP takeout1.zip
  Disk: Found completed ZIP takeout10.zip
  Disk: Found completed ZIP takeout11.zip
  Disk: Found completed ZIP takeout12.zip
  Disk: Found completed ZIP takeout2.zip
  Disk: Found completed ZIP takeout23.zip
  Disk: Found completed ZIP takeout3.zip
  Disk: Found completed ZIP takeout4.zip
  Disk: Found completed ZIP takeout6.zip
  Disk: Found completed ZIP takeout7.zip
  Disk: Found completed ZIP takeout8.zip
  Disk: Found completed ZIP takeout9.zip
[18:19:06] aria2c process exited with code 1. Restarting in 5s...
[18:19:10] Log: Flattening takeout11.zip...
[18:19:10] Log: Building file index...
[18:19:10] Log: Extraction complete: takeout11.zip (0 files)
DEBUG: Writing status=IDLE (final=None, active=None)
[18:19:10] Log: Checking takeout12.zip contents...
[18:19:11] Starting aria2c with SSD cache: /Users/greg/takeout_cache
[18:19:11] Background cleanup thread started...
[18:19:11] Launching aria2c...
  SSD has 97GB effective free. Using SSD cache.
[18:19:11] Background cleanup complete.
[18:19:12] Log: Extracting takeout12.zip to _tmp_takeout12.zip_1767302352...
DEBUG: Writing status=EXTRACTING (final=EXTRACTING, active=takeout12.zip)
[18:19:13] Scanning for completed ZIPs in /Volumes/Backup/downloads...
  Disk: Found 17 items
  Disk: Found completed ZIP takeout1.zip
  Disk: Found completed ZIP takeout10.zip
  Disk: Found completed ZIP takeout11.zip
  Disk: Found completed ZIP takeout12.zip
  Disk: Found completed ZIP takeout2.zip
  Disk: Found completed ZIP takeout23.zip
  Disk: Found completed ZIP takeout3.zip
  Disk: Found completed ZIP takeout4.zip
  Disk: Found completed ZIP takeout6.zip
  Disk: Found completed ZIP takeout7.zip
  Disk: Found completed ZIP takeout8.zip
  Disk: Found completed ZIP takeout9.zip
[18:19:13] Scanning for completed ZIPs in /Volumes/Backup/downloads...
  Disk: Found 17 items
  Disk: Found completed ZIP takeout1.zip
  Disk: Found completed ZIP takeout10.zip
  Disk: Found completed ZIP takeout11.zip
  Disk: Found completed ZIP takeout12.zip
  Disk: Found completed ZIP takeout2.zip
  Disk: Found completed ZIP takeout23.zip
  Disk: Found completed ZIP takeout3.zip
  Disk: Found completed ZIP takeout4.zip
  Disk: Found completed ZIP takeout6.zip
  Disk: Found completed ZIP takeout7.zip
  Disk: Found completed ZIP takeout8.zip
  Disk: Found completed ZIP takeout9.zip
[18:19:23] aria2c process exited with code 1. Restarting in 5s...
[18:19:27] Log: Flattening takeout12.zip...
[18:19:27] Log: Building file index...
[18:19:28] Log: Extraction complete: takeout12.zip (0 files)
DEBUG: Writing status=IDLE (final=None, active=None)
[18:19:28] Log: Checking takeout2.zip contents...
[18:19:28] Starting aria2c with SSD cache: /Users/greg/takeout_cache
[18:19:28] Log: Extracting takeout2.zip to _tmp_takeout2.zip_1767302368...
DEBUG: Writing status=EXTRACTING (final=EXTRACTING, active=takeout2.zip)
[18:19:28] Background cleanup thread started...
[18:19:28] Launching aria2c...
  SSD has 97GB effective free. Using SSD cache.
[18:19:29] Background cleanup complete.
[18:19:30] Scanning for completed ZIPs in /Volumes/Backup/downloads...
  Disk: Found 17 items
  Disk: Found completed ZIP takeout1.zip
  Disk: Found completed ZIP takeout10.zip
  Disk: Found completed ZIP takeout11.zip
  Disk: Found completed ZIP takeout12.zip
  Disk: Found completed ZIP takeout2.zip
  Disk: Found completed ZIP takeout23.zip
  Disk: Found completed ZIP takeout3.zip
  Disk: Found completed ZIP takeout4.zip
  Disk: Found completed ZIP takeout6.zip
  Disk: Found completed ZIP takeout7.zip
  Disk: Found completed ZIP takeout8.zip
  Disk: Found completed ZIP takeout9.zip
[18:19:30] Scanning for completed ZIPs in /Volumes/Backup/downloads...
  Disk: Found 17 items
  Disk: Found completed ZIP takeout1.zip
  Disk: Found completed ZIP takeout10.zip
  Disk: Found completed ZIP takeout11.zip
  Disk: Found completed ZIP takeout12.zip
  Disk: Found completed ZIP takeout2.zip
  Disk: Found completed ZIP takeout23.zip
  Disk: Found completed ZIP takeout3.zip
  Disk: Found completed ZIP takeout4.zip
  Disk: Found completed ZIP takeout6.zip
  Disk: Found completed ZIP takeout7.zip
  Disk: Found completed ZIP takeout8.zip
  Disk: Found completed ZIP takeout9.zip
[18:19:40] aria2c process exited with code 1. Restarting in 5s...
[18:19:43] Log: Flattening takeout2.zip...
[18:19:43] Log: Building file index...
[18:19:43] Log: Extraction complete: takeout2.zip (0 files)
DEBUG: Writing status=IDLE (final=None, active=None)
[18:19:43] Log: Checking takeout23.zip contents...
[18:19:45] Starting aria2c with SSD cache: /Users/greg/takeout_cache
[18:19:45] Log: Extracting takeout23.zip to _tmp_takeout23.zip_1767302385...
DEBUG: Writing status=EXTRACTING (final=EXTRACTING, active=takeout23.zip)
[18:19:45] Background cleanup thread started...[18:19:45] Launching aria2c...

[18:19:45] Background cleanup complete.
  SSD has 97GB effective free. Using SSD cache.
[18:19:47] Scanning for completed ZIPs in /Volumes/Backup/downloads...
  Disk: Found 17 items
  Disk: Found completed ZIP takeout1.zip
  Disk: Found completed ZIP takeout10.zip
  Disk: Found completed ZIP takeout11.zip
  Disk: Found completed ZIP takeout12.zip
  Disk: Found completed ZIP takeout2.zip
  Disk: Found completed ZIP takeout23.zip
  Disk: Found completed ZIP takeout3.zip
  Disk: Found completed ZIP takeout4.zip
  Disk: Found completed ZIP takeout6.zip
  Disk: Found completed ZIP takeout7.zip
  Disk: Found completed ZIP takeout8.zip
  Disk: Found completed ZIP takeout9.zip
[18:19:47] Scanning for completed ZIPs in /Volumes/Backup/downloads...
  Disk: Found 17 items
  Disk: Found completed ZIP takeout1.zip
  Disk: Found completed ZIP takeout10.zip
  Disk: Found completed ZIP takeout11.zip
  Disk: Found completed ZIP takeout12.zip
  Disk: Found completed ZIP takeout2.zip
  Disk: Found completed ZIP takeout23.zip
  Disk: Found completed ZIP takeout3.zip
  Disk: Found completed ZIP takeout4.zip
  Disk: Found completed ZIP takeout6.zip
  Disk: Found completed ZIP takeout7.zip
  Disk: Found completed ZIP takeout8.zip
  Disk: Found completed ZIP takeout9.zip
[18:19:57] aria2c process exited with code 1. Restarting in 5s...
[18:20:00] Log: Flattening takeout23.zip...
[18:20:00] Log: Building file index...
[18:20:00] Log: Extraction complete: takeout23.zip (0 files)
DEBUG: Writing status=IDLE (final=None, active=None)
[18:20:00] Log: Checking takeout3.zip contents...
[18:20:01] Log: Extracting takeout3.zip to _tmp_takeout3.zip_1767302401...
DEBUG: Writing status=EXTRACTING (final=EXTRACTING, active=takeout3.zip)
[18:20:02] Starting aria2c with SSD cache: /Users/greg/takeout_cache
[18:20:03] Background cleanup thread started...
[18:20:03] Launching aria2c...
[18:20:03] Background cleanup complete.
  SSD has 97GB effective free. Using SSD cache.
[18:20:05] Scanning for completed ZIPs in /Volumes/Backup/downloads...
  Disk: Found 17 items
  Disk: Found completed ZIP takeout1.zip
  Disk: Found completed ZIP takeout10.zip
  Disk: Found completed ZIP takeout11.zip
  Disk: Found completed ZIP takeout12.zip
  Disk: Found completed ZIP takeout2.zip
  Disk: Found completed ZIP takeout23.zip
  Disk: Found completed ZIP takeout3.zip
  Disk: Found completed ZIP takeout4.zip
  Disk: Found completed ZIP takeout6.zip
  Disk: Found completed ZIP takeout7.zip
  Disk: Found completed ZIP takeout8.zip
  Disk: Found completed ZIP takeout9.zip
[18:20:05] Scanning for completed ZIPs in /Volumes/Backup/downloads...
  Disk: Found 17 items
  Disk: Found completed ZIP takeout1.zip
  Disk: Found completed ZIP takeout10.zip
  Disk: Found completed ZIP takeout11.zip
  Disk: Found completed ZIP takeout12.zip
  Disk: Found completed ZIP takeout2.zip
  Disk: Found completed ZIP takeout23.zip
  Disk: Found completed ZIP takeout3.zip
  Disk: Found completed ZIP takeout4.zip
  Disk: Found completed ZIP takeout6.zip
  Disk: Found completed ZIP takeout7.zip
  Disk: Found completed ZIP takeout8.zip
  Disk: Found completed ZIP takeout9.zip
[18:20:15] aria2c process exited with code 1. Restarting in 5s...
[18:20:16] Log: Flattening takeout3.zip...
[18:20:16] Log: Building file index...
[18:20:16] Log: Extraction complete: takeout3.zip (0 files)
DEBUG: Writing status=IDLE (final=None, active=None)
[18:20:16] Log: Checking takeout4.zip contents...
[18:20:20] Starting aria2c with SSD cache: /Users/greg/takeout_cache
[18:20:20] Log: Extracting takeout4.zip to _tmp_takeout4.zip_1767302420...
DEBUG: Writing status=EXTRACTING (final=EXTRACTING, active=takeout4.zip)
[18:20:20] Background cleanup thread started...
[18:20:20] Launching aria2c...
  SSD has 97GB effective free. Using SSD cache.
[18:20:20] Background cleanup complete.
[18:20:22] Scanning for completed ZIPs in /Volumes/Backup/downloads...
  Disk: Found 17 items
  Disk: Found completed ZIP takeout1.zip
  Disk: Found completed ZIP takeout10.zip
  Disk: Found completed ZIP takeout11.zip
  Disk: Found completed ZIP takeout12.zip
  Disk: Found completed ZIP takeout2.zip
  Disk: Found completed ZIP takeout23.zip
  Disk: Found completed ZIP takeout3.zip
  Disk: Found completed ZIP takeout4.zip
  Disk: Found completed ZIP takeout6.zip
  Disk: Found completed ZIP takeout7.zip
  Disk: Found completed ZIP takeout8.zip
  Disk: Found completed ZIP takeout9.zip
[18:20:22] Scanning for completed ZIPs in /Volumes/Backup/downloads...
  Disk: Found 17 items
  Disk: Found completed ZIP takeout1.zip
  Disk: Found completed ZIP takeout10.zip
  Disk: Found completed ZIP takeout11.zip
  Disk: Found completed ZIP takeout12.zip
  Disk: Found completed ZIP takeout2.zip
  Disk: Found completed ZIP takeout23.zip
  Disk: Found completed ZIP takeout3.zip
  Disk: Found completed ZIP takeout4.zip
  Disk: Found completed ZIP takeout6.zip
  Disk: Found completed ZIP takeout7.zip
  Disk: Found completed ZIP takeout8.zip
  Disk: Found completed ZIP takeout9.zip
[18:20:32] aria2c process exited with code 1. Restarting in 5s...
[18:20:35] Log: Flattening takeout4.zip...
[18:20:35] Log: Building file index...
[18:20:35] Log: Extraction complete: takeout4.zip (0 files)
DEBUG: Writing status=IDLE (final=None, active=None)
[18:20:35] Log: Checking takeout6.zip contents...
[18:20:36] Log: Extracting takeout6.zip to _tmp_takeout6.zip_1767302436...
DEBUG: Writing status=EXTRACTING (final=EXTRACTING, active=takeout6.zip)
[18:20:37] Starting aria2c with SSD cache: /Users/greg/takeout_cache
[18:20:37] Background cleanup thread started...
[18:20:37] Launching aria2c...
  SSD has 97GB effective free. Using SSD cache.
[18:20:37] Background cleanup complete.
[18:20:39] Scanning for completed ZIPs in /Volumes/Backup/downloads...
  Disk: Found 17 items
  Disk: Found completed ZIP takeout1.zip
  Disk: Found completed ZIP takeout10.zip
  Disk: Found completed ZIP takeout11.zip
  Disk: Found completed ZIP takeout12.zip
  Disk: Found completed ZIP takeout2.zip
  Disk: Found completed ZIP takeout23.zip
  Disk: Found completed ZIP takeout3.zip
  Disk: Found completed ZIP takeout4.zip
  Disk: Found completed ZIP takeout6.zip
  Disk: Found completed ZIP takeout7.zip
  Disk: Found completed ZIP takeout8.zip
  Disk: Found completed ZIP takeout9.zip
[18:20:39] Scanning for completed ZIPs in /Volumes/Backup/downloads...
  Disk: Found 17 items
  Disk: Found completed ZIP takeout1.zip
  Disk: Found completed ZIP takeout10.zip
  Disk: Found completed ZIP takeout11.zip
  Disk: Found completed ZIP takeout12.zip
  Disk: Found completed ZIP takeout2.zip
  Disk: Found completed ZIP takeout23.zip
  Disk: Found completed ZIP takeout3.zip
  Disk: Found completed ZIP takeout4.zip
  Disk: Found completed ZIP takeout6.zip
  Disk: Found completed ZIP takeout7.zip
  Disk: Found completed ZIP takeout8.zip
  Disk: Found completed ZIP takeout9.zip
[18:20:49] aria2c process exited with code 1. Restarting in 5s...
[18:20:51] Log: Flattening takeout6.zip...
[18:20:51] Log: Building file index...
[18:20:51] Log: Extraction complete: takeout6.zip (0 files)
DEBUG: Writing status=IDLE (final=None, active=None)
[18:20:51] Log: Checking takeout7.zip contents...
[18:20:52] Log: Extracting takeout7.zip to _tmp_takeout7.zip_1767302452...
DEBUG: Writing status=EXTRACTING (final=EXTRACTING, active=takeout7.zip)
[18:20:54] Starting aria2c with SSD cache: /Users/greg/takeout_cache
[18:20:54] Background cleanup thread started...[18:20:54] Launching aria2c...

  SSD has 97GB effective free. Using SSD cache.
[18:20:54] Background cleanup complete.
[18:20:56] Scanning for completed ZIPs in /Volumes/Backup/downloads...
  Disk: Found 17 items
  Disk: Found completed ZIP takeout1.zip
  Disk: Found completed ZIP takeout10.zip
  Disk: Found completed ZIP takeout11.zip
  Disk: Found completed ZIP takeout12.zip
  Disk: Found completed ZIP takeout2.zip
  Disk: Found completed ZIP takeout23.zip
  Disk: Found completed ZIP takeout3.zip
  Disk: Found completed ZIP takeout4.zip
  Disk: Found completed ZIP takeout6.zip
  Disk: Found completed ZIP takeout7.zip
  Disk: Found completed ZIP takeout8.zip
  Disk: Found completed ZIP takeout9.zip
[18:20:56] Scanning for completed ZIPs in /Volumes/Backup/downloads...
  Disk: Found 17 items
  Disk: Found completed ZIP takeout1.zip
  Disk: Found completed ZIP takeout10.zip
  Disk: Found completed ZIP takeout11.zip
  Disk: Found completed ZIP takeout12.zip
  Disk: Found completed ZIP takeout2.zip
  Disk: Found completed ZIP takeout23.zip
  Disk: Found completed ZIP takeout3.zip
  Disk: Found completed ZIP takeout4.zip
  Disk: Found completed ZIP takeout6.zip
  Disk: Found completed ZIP takeout7.zip
  Disk: Found completed ZIP takeout8.zip
  Disk: Found completed ZIP takeout9.zip
[18:21:06] aria2c process exited with code 1. Restarting in 5s...
[18:21:07] Log: Flattening takeout7.zip...
[18:21:07] Log: Building file index...
[18:21:07] Log: Extraction complete: takeout7.zip (0 files)
DEBUG: Writing status=IDLE (final=None, active=None)
[18:21:07] Log: Checking takeout8.zip contents...
[18:21:09] Log: Extracting takeout8.zip to _tmp_takeout8.zip_1767302469...
DEBUG: Writing status=EXTRACTING (final=EXTRACTING, active=takeout8.zip)
[18:21:11] Starting aria2c with SSD cache: /Users/greg/takeout_cache
[18:21:11] Background cleanup thread started...[18:21:11] Launching aria2c...

[18:21:11] Background cleanup complete.
  SSD has 97GB effective free. Using SSD cache.
[18:21:13] Scanning for completed ZIPs in /Volumes/Backup/downloads...
  Disk: Found 17 items
  Disk: Found completed ZIP takeout1.zip
  Disk: Found completed ZIP takeout10.zip
  Disk: Found completed ZIP takeout11.zip
  Disk: Found completed ZIP takeout12.zip
  Disk: Found completed ZIP takeout2.zip
  Disk: Found completed ZIP takeout23.zip
  Disk: Found completed ZIP takeout3.zip
  Disk: Found completed ZIP takeout4.zip
  Disk: Found completed ZIP takeout6.zip
  Disk: Found completed ZIP takeout7.zip
  Disk: Found completed ZIP takeout8.zip
  Disk: Found completed ZIP takeout9.zip
[18:21:13] Scanning for completed ZIPs in /Volumes/Backup/downloads...
  Disk: Found 17 items
  Disk: Found completed ZIP takeout1.zip
  Disk: Found completed ZIP takeout10.zip
  Disk: Found completed ZIP takeout11.zip
  Disk: Found completed ZIP takeout12.zip
  Disk: Found completed ZIP takeout2.zip
  Disk: Found completed ZIP takeout23.zip
  Disk: Found completed ZIP takeout3.zip
  Disk: Found completed ZIP takeout4.zip
  Disk: Found completed ZIP takeout6.zip
  Disk: Found completed ZIP takeout7.zip
  Disk: Found completed ZIP takeout8.zip
  Disk: Found completed ZIP takeout9.zip
[18:21:23] aria2c process exited with code 1. Restarting in 5s...
[18:21:24] Log: Flattening takeout8.zip...
[18:21:24] Log: Building file index...
[18:21:24] Log: Extraction complete: takeout8.zip (0 files)
DEBUG: Writing status=IDLE (final=None, active=None)
[18:21:24] Log: Checking takeout9.zip contents...
[18:21:26] Log: Extracting takeout9.zip to _tmp_takeout9.zip_1767302486...
DEBUG: Writing status=EXTRACTING (final=EXTRACTING, active=takeout9.zip)
[18:21:28] Starting aria2c with SSD cache: /Users/greg/takeout_cache
[18:21:28] Background cleanup thread started...
[18:21:28] Launching aria2c...
  SSD has 97GB effective free. Using SSD cache.[18:21:28] Background cleanup complete.

[18:21:30] Scanning for completed ZIPs in /Volumes/Backup/downloads...
  Disk: Found 17 items
  Disk: Found completed ZIP takeout1.zip
  Disk: Found completed ZIP takeout10.zip
  Disk: Found completed ZIP takeout11.zip
  Disk: Found completed ZIP takeout12.zip
  Disk: Found completed ZIP takeout2.zip
  Disk: Found completed ZIP takeout23.zip
  Disk: Found completed ZIP takeout3.zip
  Disk: Found completed ZIP takeout4.zip
  Disk: Found completed ZIP takeout6.zip
  Disk: Found completed ZIP takeout7.zip
  Disk: Found completed ZIP takeout8.zip
  Disk: Found completed ZIP takeout9.zip
[18:21:30] Scanning for completed ZIPs in /Volumes/Backup/downloads...
  Disk: Found 17 items
  Disk: Found completed ZIP takeout1.zip
  Disk: Found completed ZIP takeout10.zip
  Disk: Found completed ZIP takeout11.zip
  Disk: Found completed ZIP takeout12.zip
  Disk: Found completed ZIP takeout2.zip
  Disk: Found completed ZIP takeout23.zip
  Disk: Found completed ZIP takeout3.zip
  Disk: Found completed ZIP takeout4.zip
  Disk: Found completed ZIP takeout6.zip
  Disk: Found completed ZIP takeout7.zip
  Disk: Found completed ZIP takeout8.zip
  Disk: Found completed ZIP takeout9.zip
[18:21:40] aria2c process exited with code 1. Restarting in 5s...
[18:21:41] Log: Flattening takeout9.zip...
[18:21:41] Log: Building file index...
[18:21:41] Log: Extraction complete: takeout9.zip (0 files)
DEBUG: Writing status=IDLE (final=None, active=None)
[18:21:45] Starting aria2c with SSD cache: /Users/greg/takeout_cache
[18:21:45] Background cleanup thread started...
[18:21:45] Launching aria2c...
  SSD has 97GB effective free. Using SSD cache.
[18:21:45] Background cleanup complete.
[18:21:47] Scanning for completed ZIPs in /Volumes/Backup/downloads...
  Disk: Found 17 items
  Disk: Found completed ZIP takeout1.zip
  Disk: Found completed ZIP takeout10.zip
  Disk: Found completed ZIP takeout11.zip
  Disk: Found completed ZIP takeout12.zip
  Disk: Found completed ZIP takeout2.zip
  Disk: Found completed ZIP takeout23.zip
  Disk: Found completed ZIP takeout3.zip
  Disk: Found completed ZIP takeout4.zip
  Disk: Found completed ZIP takeout6.zip
  Disk: Found completed ZIP takeout7.zip
  Disk: Found completed ZIP takeout8.zip
  Disk: Found completed ZIP takeout9.zip
[18:21:47] Scanning for completed ZIPs in /Volumes/Backup/downloads...
  Disk: Found 17 items
  Disk: Found completed ZIP takeout1.zip
  Disk: Found completed ZIP takeout10.zip
  Disk: Found completed ZIP takeout11.zip
  Disk: Found completed ZIP takeout12.zip
  Disk: Found completed ZIP takeout2.zip
  Disk: Found completed ZIP takeout23.zip
  Disk: Found completed ZIP takeout3.zip
  Disk: Found completed ZIP takeout4.zip
  Disk: Found completed ZIP takeout6.zip
  Disk: Found completed ZIP takeout7.zip
  Disk: Found completed ZIP takeout8.zip
  Disk: Found completed ZIP takeout9.zip
[18:21:57] aria2c process exited with code 1. Restarting in 5s...
[18:22:02] Starting aria2c with SSD cache: /Users/greg/takeout_cache
[18:22:03] Background cleanup thread started...
[18:22:03] Launching aria2c...
  SSD has 97GB effective free. Using SSD cache.
[18:22:03] Background cleanup complete.
[18:22:05] Scanning for completed ZIPs in /Volumes/Backup/downloads...
  Disk: Found 17 items
  Disk: Found completed ZIP takeout1.zip
  Disk: Found completed ZIP takeout10.zip
  Disk: Found completed ZIP takeout11.zip
  Disk: Found completed ZIP takeout12.zip
  Disk: Found completed ZIP takeout2.zip
  Disk: Found completed ZIP takeout23.zip
  Disk: Found completed ZIP takeout3.zip
  Disk: Found completed ZIP takeout4.zip
  Disk: Found completed ZIP takeout6.zip
  Disk: Found completed ZIP takeout7.zip
  Disk: Found completed ZIP takeout8.zip
  Disk: Found completed ZIP takeout9.zip
[18:22:05] Scanning for completed ZIPs in /Volumes/Backup/downloads...
  Disk: Found 17 items
  Disk: Found completed ZIP takeout1.zip
  Disk: Found completed ZIP takeout10.zip
  Disk: Found completed ZIP takeout11.zip
  Disk: Found completed ZIP takeout12.zip
  Disk: Found completed ZIP takeout2.zip
  Disk: Found completed ZIP takeout23.zip
  Disk: Found completed ZIP takeout3.zip
  Disk: Found completed ZIP takeout4.zip
  Disk: Found completed ZIP takeout6.zip
  Disk: Found completed ZIP takeout7.zip
  Disk: Found completed ZIP takeout8.zip
  Disk: Found completed ZIP takeout9.zip
[18:22:15] aria2c process exited with code 1. Restarting in 5s...
[18:22:20] Starting aria2c with SSD cache: /Users/greg/takeout_cache
[18:22:20] Background cleanup thread started...[18:22:20] Launching aria2c...

  SSD has 97GB effective free. Using SSD cache.
[18:22:20] Background cleanup complete.
[18:22:22] Scanning for completed ZIPs in /Volumes/Backup/downloads...
  Disk: Found 17 items
  Disk: Found completed ZIP takeout1.zip
  Disk: Found completed ZIP takeout10.zip
  Disk: Found completed ZIP takeout11.zip
  Disk: Found completed ZIP takeout12.zip
  Disk: Found completed ZIP takeout2.zip
  Disk: Found completed ZIP takeout23.zip
  Disk: Found completed ZIP takeout3.zip
  Disk: Found completed ZIP takeout4.zip
  Disk: Found completed ZIP takeout6.zip
  Disk: Found completed ZIP takeout7.zip
  Disk: Found completed ZIP takeout8.zip
  Disk: Found completed ZIP takeout9.zip
[18:22:22] Scanning for completed ZIPs in /Volumes/Backup/downloads...
  Disk: Found 17 items
  Disk: Found completed ZIP takeout1.zip
  Disk: Found completed ZIP takeout10.zip
  Disk: Found completed ZIP takeout11.zip
  Disk: Found completed ZIP takeout12.zip
  Disk: Found completed ZIP takeout2.zip
  Disk: Found completed ZIP takeout23.zip
  Disk: Found completed ZIP takeout3.zip
  Disk: Found completed ZIP takeout4.zip
  Disk: Found completed ZIP takeout6.zip
  Disk: Found completed ZIP takeout7.zip
  Disk: Found completed ZIP takeout8.zip
  Disk: Found completed ZIP takeout9.zip
[18:22:32] aria2c process exited with code 1. Restarting in 5s...
[18:22:37] Starting aria2c with SSD cache: /Users/greg/takeout_cache
[18:22:37] Background cleanup thread started...[18:22:37] Launching aria2c...

  SSD has 97GB effective free. Using SSD cache.
[18:22:37] Background cleanup complete.
[18:22:39] Scanning for completed ZIPs in /Volumes/Backup/downloads...
  Disk: Found 17 items
  Disk: Found completed ZIP takeout1.zip
  Disk: Found completed ZIP takeout10.zip
  Disk: Found completed ZIP takeout11.zip
  Disk: Found completed ZIP takeout12.zip
  Disk: Found completed ZIP takeout2.zip
  Disk: Found completed ZIP takeout23.zip
  Disk: Found completed ZIP takeout3.zip
  Disk: Found completed ZIP takeout4.zip
  Disk: Found completed ZIP takeout6.zip
  Disk: Found completed ZIP takeout7.zip
  Disk: Found completed ZIP takeout8.zip
  Disk: Found completed ZIP takeout9.zip
[18:22:39] Scanning for completed ZIPs in /Volumes/Backup/downloads...
  Disk: Found 17 items
  Disk: Found completed ZIP takeout1.zip
  Disk: Found completed ZIP takeout10.zip
  Disk: Found completed ZIP takeout11.zip
  Disk: Found completed ZIP takeout12.zip
  Disk: Found completed ZIP takeout2.zip
  Disk: Found completed ZIP takeout23.zip
  Disk: Found completed ZIP takeout3.zip
  Disk: Found completed ZIP takeout4.zip
  Disk: Found completed ZIP takeout6.zip
  Disk: Found completed ZIP takeout7.zip
  Disk: Found completed ZIP takeout8.zip
  Disk: Found completed ZIP takeout9.zip
