Loaded 116 unique ZIP entries.
HTTP Server failed: [Errno 48] Address already in use
[15:07:11] MANUAL SEQUENTIAL BURST MODE ACTIVE
[15:07:11] Target: Extracting existing 17 files on HDD.
[15:07:11] STARTING EXTRACTION: takeout1.zip
[15:07:11] STAGING: Copying takeout1.zip to SSD...
[15:07:20] STAGING: Staging to SSD: 1%
[15:07:28] STAGING: Staging to SSD: 2%
[15:07:37] STAGING: Staging to SSD: 3%
[15:07:45] STAGING: Staging to SSD: 4%
[15:07:54] STAGING: Staging to SSD: 5%
[15:08:03] STAGING: Staging to SSD: 6%
[15:08:11] STAGING: Staging to SSD: 7%
[15:08:20] STAGING: Staging to SSD: 8%
[15:08:28] STAGING: Staging to SSD: 9%
[15:08:37] STAGING: Staging to SSD: 10%
[15:08:46] STAGING: Staging to SSD: 11%
[15:08:55] STAGING: Staging to SSD: 12%
[15:09:03] STAGING: Staging to SSD: 13%
[15:09:11] STAGING: Staging to SSD: 14%
[15:09:20] STAGING: Staging to SSD: 15%
[15:09:28] STAGING: Staging to SSD: 16%
[15:09:37] STAGING: Staging to SSD: 17%
[15:09:46] STAGING: Staging to SSD: 18%
[15:09:54] STAGING: Staging to SSD: 19%
[15:10:03] STAGING: Staging to SSD: 20%
[15:10:12] STAGING: Staging to SSD: 21%
[15:10:20] STAGING: Staging to SSD: 22%
[15:10:29] STAGING: Staging to SSD: 23%
[15:10:38] STAGING: Staging to SSD: 24%
[15:10:47] STAGING: Staging to SSD: 25%
[15:10:55] STAGING: Staging to SSD: 26%
[15:11:04] STAGING: Staging to SSD: 27%
[15:11:12] STAGING: Staging to SSD: 28%
[15:11:21] STAGING: Staging to SSD: 29%
[15:11:30] STAGING: Staging to SSD: 30%
[15:11:38] STAGING: Staging to SSD: 31%
[15:11:47] STAGING: Staging to SSD: 32%
[15:11:55] STAGING: Staging to SSD: 33%
[15:12:04] STAGING: Staging to SSD: 34%
[15:12:13] STAGING: Staging to SSD: 35%
[15:12:22] STAGING: Staging to SSD: 36%
[15:12:30] STAGING: Staging to SSD: 37%
[15:12:39] STAGING: Staging to SSD: 38%
[15:12:47] STAGING: Staging to SSD: 39%
[15:12:56] STAGING: Staging to SSD: 40%
[15:13:05] STAGING: Staging to SSD: 41%
[15:13:14] STAGING: Staging to SSD: 42%
[15:13:23] STAGING: Staging to SSD: 43%
[15:13:31] STAGING: Staging to SSD: 44%
[15:13:40] STAGING: Staging to SSD: 45%
[15:13:49] STAGING: Staging to SSD: 46%
[15:13:57] STAGING: Staging to SSD: 47%
[15:14:06] STAGING: Staging to SSD: 48%
[15:14:15] STAGING: Staging to SSD: 49%
[15:14:23] STAGING: Staging to SSD: 50%
[15:14:32] STAGING: Staging to SSD: 51%
[15:14:40] STAGING: Staging to SSD: 52%
[15:14:49] STAGING: Staging to SSD: 53%
[15:14:57] STAGING: Staging to SSD: 54%
[15:15:06] STAGING: Staging to SSD: 55%
[15:15:15] STAGING: Staging to SSD: 56%
[15:15:23] STAGING: Staging to SSD: 57%
[15:15:31] STAGING: Staging to SSD: 58%
[15:15:40] STAGING: Staging to SSD: 59%
[15:15:48] STAGING: Staging to SSD: 60%
[15:15:57] STAGING: Staging to SSD: 61%
[15:16:06] STAGING: Staging to SSD: 62%
[15:16:14] STAGING: Staging to SSD: 63%
[15:16:22] STAGING: Staging to SSD: 64%
[15:16:31] STAGING: Staging to SSD: 65%
[15:16:40] STAGING: Staging to SSD: 66%
[15:16:48] STAGING: Staging to SSD: 67%
[15:16:57] STAGING: Staging to SSD: 68%
[15:17:05] STAGING: Staging to SSD: 69%
[15:17:14] STAGING: Staging to SSD: 70%
[15:17:22] STAGING: Staging to SSD: 71%
[15:17:31] STAGING: Staging to SSD: 72%
[15:17:39] STAGING: Staging to SSD: 73%
[15:17:48] STAGING: Staging to SSD: 74%
[15:17:57] STAGING: Staging to SSD: 75%
[15:18:05] STAGING: Staging to SSD: 76%
[15:18:13] STAGING: Staging to SSD: 77%
[15:18:22] STAGING: Staging to SSD: 78%
[15:18:30] STAGING: Staging to SSD: 79%
[15:18:39] STAGING: Staging to SSD: 80%
[15:18:48] STAGING: Staging to SSD: 81%
[15:18:56] STAGING: Staging to SSD: 82%
[15:19:04] STAGING: Staging to SSD: 83%
[15:19:13] STAGING: Staging to SSD: 84%
[15:19:21] STAGING: Staging to SSD: 85%
[15:19:30] STAGING: Staging to SSD: 86%
[15:19:39] STAGING: Staging to SSD: 87%
[15:19:47] STAGING: Staging to SSD: 88%
[15:19:55] STAGING: Staging to SSD: 89%
[15:20:04] STAGING: Staging to SSD: 90%
[15:20:12] STAGING: Staging to SSD: 91%
[15:20:21] STAGING: Staging to SSD: 92%
[15:20:30] STAGING: Staging to SSD: 93%
[15:20:38] STAGING: Staging to SSD: 94%
[15:20:47] STAGING: Staging to SSD: 95%
[15:20:55] STAGING: Staging to SSD: 96%
[15:21:03] STAGING: Staging to SSD: 97%
[15:21:12] STAGING: Staging to SSD: 98%
[15:21:21] STAGING: Staging to SSD: 99%
[15:21:23] Staging took 14m 11s
[15:21:23] EXTRACTING: Calculating file count...
[15:32:46] Extraction took 11m 23s
[15:32:56] Total: 25m. (Stage: 851s, Ext: 683s, Org: 9s)
[15:32:56] Keeping source ZIP /Volumes/Backup/downloads/takeout1.zip
[15:32:56] STARTING EXTRACTION: takeout10.zip
[15:32:56] STAGING: Copying takeout10.zip to SSD...
[15:33:05] STAGING: Staging to SSD: 0%
[15:33:15] STAGING: Staging to SSD: 1%
[15:33:25] STAGING: Staging to SSD: 2%
[15:33:35] STAGING: Staging to SSD: 3%
[15:33:44] STAGING: Staging to SSD: 4%
[15:33:54] STAGING: Staging to SSD: 5%
[15:34:03] STAGING: Staging to SSD: 6%
[15:34:13] STAGING: Staging to SSD: 7%
[15:34:23] STAGING: Staging to SSD: 8%
[15:34:32] STAGING: Staging to SSD: 9%
[15:34:42] STAGING: Staging to SSD: 10%
[15:34:51] STAGING: Staging to SSD: 11%
[15:35:01] STAGING: Staging to SSD: 12%
[15:35:10] STAGING: Staging to SSD: 13%
[15:35:20] STAGING: Staging to SSD: 14%
[15:35:29] STAGING: Staging to SSD: 15%
[15:35:39] STAGING: Staging to SSD: 16%
[15:35:48] STAGING: Staging to SSD: 17%
[15:35:58] STAGING: Staging to SSD: 18%
[15:36:07] STAGING: Staging to SSD: 19%
[15:36:17] STAGING: Staging to SSD: 20%
[15:36:26] STAGING: Staging to SSD: 21%
[15:36:36] STAGING: Staging to SSD: 22%
[15:36:46] STAGING: Staging to SSD: 23%
[15:36:55] STAGING: Staging to SSD: 24%
[15:37:05] STAGING: Staging to SSD: 25%
[15:37:15] STAGING: Staging to SSD: 26%
[15:37:24] STAGING: Staging to SSD: 27%
[15:37:34] STAGING: Staging to SSD: 28%
[15:37:44] STAGING: Staging to SSD: 29%
[15:37:53] STAGING: Staging to SSD: 30%
[15:38:03] STAGING: Staging to SSD: 31%
[15:38:12] STAGING: Staging to SSD: 32%
[15:38:22] STAGING: Staging to SSD: 33%
[15:38:32] STAGING: Staging to SSD: 34%
[15:38:42] STAGING: Staging to SSD: 35%
[15:38:51] STAGING: Staging to SSD: 36%
[15:39:01] STAGING: Staging to SSD: 37%
[15:39:10] STAGING: Staging to SSD: 38%
[15:39:20] STAGING: Staging to SSD: 39%
[15:39:29] STAGING: Staging to SSD: 40%
[15:39:39] STAGING: Staging to SSD: 41%
[15:39:49] STAGING: Staging to SSD: 42%
[15:39:59] STAGING: Staging to SSD: 43%
[15:40:08] STAGING: Staging to SSD: 44%
[15:40:18] STAGING: Staging to SSD: 45%
[15:40:27] STAGING: Staging to SSD: 46%
[15:40:37] STAGING: Staging to SSD: 47%
[15:40:47] STAGING: Staging to SSD: 48%
[15:40:56] STAGING: Staging to SSD: 49%
[15:41:06] STAGING: Staging to SSD: 50%
[15:41:15] STAGING: Staging to SSD: 51%
[15:41:25] STAGING: Staging to SSD: 52%
[15:41:34] STAGING: Staging to SSD: 53%
[15:41:44] STAGING: Staging to SSD: 54%
[15:41:53] STAGING: Staging to SSD: 55%
[15:42:03] STAGING: Staging to SSD: 56%
[15:42:12] STAGING: Staging to SSD: 57%
[15:42:22] STAGING: Staging to SSD: 58%
[15:42:32] STAGING: Staging to SSD: 59%
[15:42:41] STAGING: Staging to SSD: 60%
[15:42:50] STAGING: Staging to SSD: 61%
[15:43:00] STAGING: Staging to SSD: 62%
[15:43:09] STAGING: Staging to SSD: 63%
[15:43:19] STAGING: Staging to SSD: 64%
[15:43:29] STAGING: Staging to SSD: 65%
[15:43:38] STAGING: Staging to SSD: 66%
[15:43:48] STAGING: Staging to SSD: 67%
[15:43:57] STAGING: Staging to SSD: 68%
[15:44:07] STAGING: Staging to SSD: 69%
[15:44:17] STAGING: Staging to SSD: 70%
[15:44:26] STAGING: Staging to SSD: 71%
[15:44:37] STAGING: Staging to SSD: 72%
[15:44:46] STAGING: Staging to SSD: 73%
[15:44:56] STAGING: Staging to SSD: 74%
[15:45:06] STAGING: Staging to SSD: 75%
[15:45:15] STAGING: Staging to SSD: 76%
[15:45:25] STAGING: Staging to SSD: 77%
[15:45:34] STAGING: Staging to SSD: 78%
[15:45:44] STAGING: Staging to SSD: 79%
[15:45:54] STAGING: Staging to SSD: 80%
[15:46:03] STAGING: Staging to SSD: 81%
[15:46:13] STAGING: Staging to SSD: 82%
[15:46:22] STAGING: Staging to SSD: 83%
[15:46:32] STAGING: Staging to SSD: 84%
[15:46:42] STAGING: Staging to SSD: 85%
[15:46:51] STAGING: Staging to SSD: 86%
[15:47:01] STAGING: Staging to SSD: 87%
[15:47:10] STAGING: Staging to SSD: 88%
[15:47:20] STAGING: Staging to SSD: 89%
[15:47:30] STAGING: Staging to SSD: 90%
[15:47:39] STAGING: Staging to SSD: 91%
[15:47:49] STAGING: Staging to SSD: 92%
[15:47:58] STAGING: Staging to SSD: 93%
[15:48:08] STAGING: Staging to SSD: 94%
[15:48:17] STAGING: Staging to SSD: 95%
[15:48:27] STAGING: Staging to SSD: 96%
[15:48:36] STAGING: Staging to SSD: 97%
[15:48:46] STAGING: Staging to SSD: 98%
[15:48:56] STAGING: Staging to SSD: 99%
[15:48:56] Staging took 16m 0s
[15:48:56] EXTRACTING: Calculating file count...
